<?xml version="1.0" encoding="UTF-8"?>
<!-- Generated by org.testng.reporters.JUnitReportReporter -->
<testsuite hostname="Abishekh" failures="0" tests="5" name="non_bdd.EMSNonBDD" time="2.205" errors="0" timestamp="2023-03-18T10:02:44 IST" skipped="4">
  <testcase classname="non_bdd.EMSNonBDD" name="deleteAnEmployee" time="2.205"/>
  <system-out/>
  <testcase classname="non_bdd.EMSNonBDD" name="updateAnEmployee">
    <skipped/>
  </testcase> <!-- updateAnEmployee -->
  <system-out/>
  <testcase classname="non_bdd.EMSNonBDD" name="getSingleEmployee">
    <skipped/>
  </testcase> <!-- getSingleEmployee -->
  <system-out/>
  <testcase classname="non_bdd.EMSNonBDD" name="getTheEmployees">
    <skipped/>
  </testcase> <!-- getTheEmployees -->
  <system-out/>
  <testcase classname="non_bdd.EMSNonBDD" name="createAnEmployee">
    <skipped/>
  </testcase> <!-- createAnEmployee -->
  <system-out/>
</testsuite> <!-- non_bdd.EMSNonBDD -->
