<?xml version="1.0" encoding="UTF-8"?>
<!-- Generated by org.testng.reporters.JUnitReportReporter -->
<testsuite hostname="Abishekh" failures="0" tests="1" name="rpaV2.ParallelPostTest" time="3.683" errors="0" timestamp="2023-04-03T07:11:22 IST" skipped="0">
  <testcase classname="rpaV2.ParallelPostTest" name="testParallelPostRequests" time="3.683"/>
  <system-out/>
</testsuite> <!-- rpaV2.ParallelPostTest -->
