<?xml version="1.0" encoding="UTF-8"?>
<!-- Generated by org.testng.reporters.JUnitReportReporter -->
<testsuite hostname="Abishekh" failures="0" tests="1" name="rpaV2.PortPairsSearch" time="2.149" errors="0" timestamp="2023-03-19T08:27:53 IST" skipped="0">
  <testcase classname="rpaV2.PortPairsSearch" name="searchRates" time="2.149"/>
  <system-out/>
</testsuite> <!-- rpaV2.PortPairsSearch -->
