<?xml version="1.0" encoding="UTF-8"?>
<!-- Generated by org.testng.reporters.JUnitReportReporter -->
<testsuite hostname="Abishekh" failures="0" tests="1" name="bdd.DIffTypesOfPostReq" time="1.793" errors="0" timestamp="2023-03-19T08:23:02 IST" skipped="0">
  <testcase classname="bdd.DIffTypesOfPostReq" name="usingExternalJsonFile" time="1.793"/>
  <system-out/>
</testsuite> <!-- bdd.DIffTypesOfPostReq -->
