<?xml version="1.0" encoding="UTF-8"?>
<!-- Generated by org.testng.reporters.JUnitReportReporter -->
<testsuite hostname="Abishekh" failures="0" tests="5" name="non_bdd.GetAllEmployees" time="1.936" errors="0" timestamp="2023-03-16T15:48:08 IST" skipped="4">
  <testcase classname="non_bdd.GetAllEmployees" name="getSingleEmployee" time="1.936"/>
  <system-out/>
  <testcase classname="non_bdd.GetAllEmployees" name="updateAnEmployee">
    <skipped/>
  </testcase> <!-- updateAnEmployee -->
  <system-out/>
  <testcase classname="non_bdd.GetAllEmployees" name="createAnEmployee">
    <skipped/>
  </testcase> <!-- createAnEmployee -->
  <system-out/>
  <testcase classname="non_bdd.GetAllEmployees" name="getTheEmployees">
    <skipped/>
  </testcase> <!-- getTheEmployees -->
  <system-out/>
  <testcase classname="non_bdd.GetAllEmployees" name="deleteAnEmployee">
    <skipped/>
  </testcase> <!-- deleteAnEmployee -->
  <system-out/>
</testsuite> <!-- non_bdd.GetAllEmployees -->
